<?xml version="1.0" encoding="UTF-8"?>
<testng-results ignored="0" total="2" passed="2" failed="0" skipped="0">
  <reporter-output>
  </reporter-output>
  <suite started-at="2021-07-28T11:07:22 IST" name="Default suite" finished-at="2021-07-28T11:08:13 IST" duration-ms="51018">
    <groups>
    </groups>
    <test started-at="2021-07-28T11:07:22 IST" name="Default test" finished-at="2021-07-28T11:08:13 IST" duration-ms="51018">
      <class name="com.crm.qa.test.ContactListTest">
        <test-method is-config="true" signature="setup()[pri:0, instance:com.crm.qa.test.ContactListTest@65466a6a]" started-at="2021-07-28T11:07:23 IST" name="setup" finished-at="2021-07-28T11:07:45 IST" duration-ms="21981" status="PASS">
          <reporter-output>
          </reporter-output>
        </test-method> <!-- setup -->
        <test-method signature="testContacts(java.lang.String, java.lang.String, java.lang.String, java.lang.String, java.lang.String, java.lang.String, java.lang.String, java.lang.String, java.lang.String, java.lang.String)[pri:0, instance:com.crm.qa.test.ContactListTest@65466a6a]" started-at="2021-07-28T11:07:45 IST" name="testContacts" data-provider="datapr" finished-at="2021-07-28T11:07:50 IST" duration-ms="5315" status="PASS">
          <params>
            <param index="0">
              <value>
                <![CDATA[Srikantharuban]]>
              </value>
            </param>
            <param index="1">
              <value>
                <![CDATA[m]]>
              </value>
            </param>
            <param index="2">
              <value>
                <![CDATA[Balagolla]]>
              </value>
            </param>
            <param index="3">
              <value>
                <![CDATA[Kandy]]>
              </value>
            </param>
            <param index="4">
              <value>
                <![CDATA[Central]]>
              </value>
            </param>
            <param index="5">
              <value>
                <![CDATA[0001]]>
              </value>
            </param>
            <param index="6">
              <value>
                <![CDATA[Lead]]>
              </value>
            </param>
            <param index="7">
              <value>
                <![CDATA[Active]]>
              </value>
            </param>
            <param index="8">
              <value>
                <![CDATA[07772323]]>
              </value>
            </param>
            <param index="9">
              <value>
                <![CDATA[Srikantharuban@gmail.com]]>
              </value>
            </param>
          </params>
          <reporter-output>
          </reporter-output>
        </test-method> <!-- testContacts -->
        <test-method is-config="true" signature="tearDown()[pri:0, instance:com.crm.qa.test.ContactListTest@65466a6a]" started-at="2021-07-28T11:07:50 IST" name="tearDown" finished-at="2021-07-28T11:07:51 IST" duration-ms="771" status="PASS">
          <reporter-output>
          </reporter-output>
        </test-method> <!-- tearDown -->
        <test-method is-config="true" signature="setup()[pri:0, instance:com.crm.qa.test.ContactListTest@65466a6a]" started-at="2021-07-28T11:07:51 IST" name="setup" finished-at="2021-07-28T11:08:07 IST" duration-ms="16323" status="PASS">
          <reporter-output>
          </reporter-output>
        </test-method> <!-- setup -->
        <test-method signature="testContacts(java.lang.String, java.lang.String, java.lang.String, java.lang.String, java.lang.String, java.lang.String, java.lang.String, java.lang.String, java.lang.String, java.lang.String)[pri:0, instance:com.crm.qa.test.ContactListTest@65466a6a]" started-at="2021-07-28T11:08:07 IST" name="testContacts" data-provider="datapr" finished-at="2021-07-28T11:08:12 IST" duration-ms="5278" status="PASS">
          <params>
            <param index="0">
              <value>
                <![CDATA[Anu]]>
              </value>
            </param>
            <param index="1">
              <value>
                <![CDATA[Sri]]>
              </value>
            </param>
            <param index="2">
              <value>
                <![CDATA[Pallekele]]>
              </value>
            </param>
            <param index="3">
              <value>
                <![CDATA[Colombo]]>
              </value>
            </param>
            <param index="4">
              <value>
                <![CDATA[Western]]>
              </value>
            </param>
            <param index="5">
              <value>
                <![CDATA[99923]]>
              </value>
            </param>
            <param index="6">
              <value>
                <![CDATA[Customer]]>
              </value>
            </param>
            <param index="7">
              <value>
                <![CDATA[New]]>
              </value>
            </param>
            <param index="8">
              <value>
                <![CDATA[077854521]]>
              </value>
            </param>
            <param index="9">
              <value>
                <![CDATA[anu@gmail.com]]>
              </value>
            </param>
          </params>
          <reporter-output>
          </reporter-output>
        </test-method> <!-- testContacts -->
        <test-method is-config="true" signature="tearDown()[pri:0, instance:com.crm.qa.test.ContactListTest@65466a6a]" started-at="2021-07-28T11:08:12 IST" name="tearDown" finished-at="2021-07-28T11:08:13 IST" duration-ms="768" status="PASS">
          <reporter-output>
          </reporter-output>
        </test-method> <!-- tearDown -->
      </class> <!-- com.crm.qa.test.ContactListTest -->
    </test> <!-- Default test -->
  </suite> <!-- Default suite -->
</testng-results>
